<?xml version="1.0" encoding="UTF-8"?>
<testng-results skipped="0" failed="0" total="1" passed="1">
  <reporter-output>
  </reporter-output>
  <suite name="Default suite" duration-ms="465287" started-at="2017-08-07T07:13:40Z" finished-at="2017-08-07T07:21:25Z">
    <groups>
    </groups>
    <test name="Default test" duration-ms="465287" started-at="2017-08-07T07:13:40Z" finished-at="2017-08-07T07:21:25Z">
      <class name="finalTest.calling">
        <test-method status="PASS" signature="f()[pri:0, instance:finalTest.calling@3abbfa04]" name="f" is-config="true" duration-ms="66633" started-at="2017-08-07T12:43:40Z" finished-at="2017-08-07T12:44:46Z">
          <reporter-output>
          </reporter-output>
        </test-method> <!-- f -->
        <test-method status="PASS" signature="g()[pri:0, instance:finalTest.calling@3abbfa04]" name="g" duration-ms="365164" started-at="2017-08-07T12:44:46Z" finished-at="2017-08-07T12:50:52Z">
          <reporter-output>
          </reporter-output>
        </test-method> <!-- g -->
        <test-method status="PASS" signature="h()[pri:0, instance:finalTest.calling@3abbfa04]" name="h" is-config="true" duration-ms="33467" started-at="2017-08-07T12:50:52Z" finished-at="2017-08-07T12:51:25Z">
          <reporter-output>
          </reporter-output>
        </test-method> <!-- h -->
      </class> <!-- finalTest.calling -->
    </test> <!-- Default test -->
  </suite> <!-- Default suite -->
</testng-results>
