<?xml version="1.0" encoding="UTF-8"?>
<testng-results skipped="6" failed="1" total="8" passed="1">
  <reporter-output>
  </reporter-output>
  <suite name="Default suite" duration-ms="72791" started-at="2017-08-03T08:54:37Z" finished-at="2017-08-03T08:55:50Z">
    <groups>
    </groups>
    <test name="Default test" duration-ms="72791" started-at="2017-08-03T08:54:37Z" finished-at="2017-08-03T08:55:50Z">
      <class name="techfetch.Techfetch2">
        <test-method status="PASS" signature="login()[pri:0, instance:techfetch.Techfetch2@3327bd23]" name="login" duration-ms="32004" started-at="2017-08-03T04:54:37Z" finished-at="2017-08-03T04:55:09Z">
          <reporter-output>
          </reporter-output>
        </test-method> <!-- login -->
        <test-method status="FAIL" signature="update()[pri:0, instance:techfetch.Techfetch2@3327bd23]" name="update" duration-ms="40756" started-at="2017-08-03T04:55:09Z" depends-on-methods="techfetch.Techfetch2.login" finished-at="2017-08-03T04:55:50Z">
          <exception class="java.lang.NullPointerException">
            <full-stacktrace>
              <![CDATA[java.lang.NullPointerException
	at org.openqa.selenium.remote.RemoteWebDriver.findElements(RemoteWebDriver.java:446)
	at org.openqa.selenium.remote.RemoteWebDriver.findElementsByCssSelector(RemoteWebDriver.java:505)
	at org.openqa.selenium.By$ByCssSelector.findElements(By.java:441)
	at org.openqa.selenium.remote.RemoteWebDriver.findElements(RemoteWebDriver.java:398)
	at org.openqa.selenium.remote.RemoteWebDriver$RemoteTargetLocator.frame(RemoteWebDriver.java:966)
	at techfetch.Techfetch2.update(Techfetch2.java:452)
	at sun.reflect.NativeMethodAccessorImpl.invoke0(Native Method)
	at sun.reflect.NativeMethodAccessorImpl.invoke(Unknown Source)
	at sun.reflect.DelegatingMethodAccessorImpl.invoke(Unknown Source)
	at java.lang.reflect.Method.invoke(Unknown Source)
	at org.testng.internal.MethodInvocationHelper.invokeMethod(MethodInvocationHelper.java:80)
	at org.testng.internal.Invoker.invokeMethod(Invoker.java:714)
	at org.testng.internal.Invoker.invokeTestMethod(Invoker.java:901)
	at org.testng.internal.Invoker.invokeTestMethods(Invoker.java:1231)
	at org.testng.internal.TestMethodWorker.invokeTestMethods(TestMethodWorker.java:127)
	at org.testng.internal.TestMethodWorker.run(TestMethodWorker.java:111)
	at org.testng.TestRunner.privateRun(TestRunner.java:767)
	at org.testng.TestRunner.run(TestRunner.java:617)
	at org.testng.SuiteRunner.runTest(SuiteRunner.java:334)
	at org.testng.SuiteRunner.runSequentially(SuiteRunner.java:329)
	at org.testng.SuiteRunner.privateRun(SuiteRunner.java:291)
	at org.testng.SuiteRunner.run(SuiteRunner.java:240)
	at org.testng.SuiteRunnerWorker.runSuite(SuiteRunnerWorker.java:52)
	at org.testng.SuiteRunnerWorker.run(SuiteRunnerWorker.java:86)
	at org.testng.TestNG.runSuitesSequentially(TestNG.java:1198)
	at org.testng.TestNG.runSuitesLocally(TestNG.java:1123)
	at org.testng.TestNG.run(TestNG.java:1031)
	at org.testng.remote.AbstractRemoteTestNG.run(AbstractRemoteTestNG.java:132)
	at org.testng.remote.RemoteTestNG.initAndRun(RemoteTestNG.java:230)
	at org.testng.remote.RemoteTestNG.main(RemoteTestNG.java:76)
]]>
            </full-stacktrace>
          </exception> <!-- java.lang.NullPointerException -->
          <reporter-output>
          </reporter-output>
        </test-method> <!-- update -->
        <test-method status="SKIP" signature="listing()[pri:0, instance:techfetch.Techfetch2@3327bd23]" name="listing" duration-ms="0" started-at="2017-08-03T04:55:50Z" depends-on-methods="techfetch.Techfetch2.fetch" finished-at="2017-08-03T04:55:50Z">
          <reporter-output>
          </reporter-output>
        </test-method> <!-- listing -->
        <test-method status="SKIP" signature="upload()[pri:0, instance:techfetch.Techfetch2@3327bd23]" name="upload" duration-ms="0" started-at="2017-08-03T04:55:50Z" depends-on-methods="techfetch.Techfetch2.update" finished-at="2017-08-03T04:55:50Z">
          <reporter-output>
          </reporter-output>
        </test-method> <!-- upload -->
        <test-method status="SKIP" signature="forward()[pri:0, instance:techfetch.Techfetch2@3327bd23]" name="forward" duration-ms="0" started-at="2017-08-03T04:55:50Z" depends-on-methods="techfetch.Techfetch2.upload" finished-at="2017-08-03T04:55:50Z">
          <reporter-output>
          </reporter-output>
        </test-method> <!-- forward -->
        <test-method status="SKIP" signature="logout()[pri:0, instance:techfetch.Techfetch2@3327bd23]" name="logout" duration-ms="0" started-at="2017-08-03T04:55:50Z" depends-on-methods="techfetch.Techfetch2.features" finished-at="2017-08-03T04:55:50Z">
          <reporter-output>
          </reporter-output>
        </test-method> <!-- logout -->
        <test-method status="SKIP" signature="fetch()[pri:0, instance:techfetch.Techfetch2@3327bd23]" name="fetch" duration-ms="0" started-at="2017-08-03T04:55:50Z" depends-on-methods="techfetch.Techfetch2.update" finished-at="2017-08-03T04:55:50Z">
          <reporter-output>
          </reporter-output>
        </test-method> <!-- fetch -->
        <test-method status="SKIP" signature="features()[pri:0, instance:techfetch.Techfetch2@3327bd23]" name="features" duration-ms="0" started-at="2017-08-03T04:55:50Z" depends-on-methods="techfetch.Techfetch2.listing" finished-at="2017-08-03T04:55:50Z">
          <reporter-output>
          </reporter-output>
        </test-method> <!-- features -->
      </class> <!-- techfetch.Techfetch2 -->
    </test> <!-- Default test -->
  </suite> <!-- Default suite -->
</testng-results>
